<?xml version="1.0" encoding="UTF-8"?>
<!-- Generated by org.testng.reporters.JUnitReportReporter -->
<testsuite hostname="Ganesh" failures="0" tests="7" name="com.tutorialsninja.qa.testcases.Login" time="26.037" errors="0" timestamp="2024-02-29T17:31:35 IST" skipped="0">
  <testcase classname="com.tutorialsninja.qa.testcases.Login" name="LoginWithValidCredentials" time="3.640"/>
  <testcase classname="com.tutorialsninja.qa.testcases.Login" name="LoginWithValidCredentials" time="3.804"/>
  <testcase classname="com.tutorialsninja.qa.testcases.Login" name="LoginWithValidCredentials" time="3.992"/>
  <testcase classname="com.tutorialsninja.qa.testcases.Login" name="LoginWithInvalidCredentialsNoofTimes" time="3.698"/>
  <testcase classname="com.tutorialsninja.qa.testcases.Login" name="LoginWithValidMailIDandInvalidPassword" time="3.985"/>
  <testcase classname="com.tutorialsninja.qa.testcases.Login" name="LoginWithInValidMailidandvalidPassword" time="3.708"/>
  <testcase classname="com.tutorialsninja.qa.testcases.Login" name="LoginWithInvalidCredentials" time="3.210"/>
</testsuite> <!-- com.tutorialsninja.qa.testcases.Login -->
