<?xml version="1.0" encoding="UTF-8"?>
<!-- Generated by org.testng.reporters.JUnitReportReporter -->
<testsuite hostname="Ganesh" failures="0" tests="6" name="com.tutorialsninja.qa.testcases.Login" time="17.126" errors="0" timestamp="2024-02-28T22:54:38 IST" skipped="0">
  <testcase classname="com.tutorialsninja.qa.testcases.Login" name="LoginWithValidCredentials" time="2.848"/>
  <testcase classname="com.tutorialsninja.qa.testcases.Login" name="LoginWithValidCredentials" time="2.851"/>
  <testcase classname="com.tutorialsninja.qa.testcases.Login" name="LoginWithValidCredentials" time="2.948"/>
  <testcase classname="com.tutorialsninja.qa.testcases.Login" name="LoginWithInvalidCredentials" time="2.708"/>
  <testcase classname="com.tutorialsninja.qa.testcases.Login" name="LoginWithValidMailIDandInvalidPassword" time="2.716"/>
  <testcase classname="com.tutorialsninja.qa.testcases.Login" name="LoginWithInValidMailidandvalidPassword" time="3.055"/>
</testsuite> <!-- com.tutorialsninja.qa.testcases.Login -->
