<?xml version="1.0" encoding="UTF-8"?>
<!-- Generated by org.testng.reporters.JUnitReportReporter -->
<testsuite hostname="Ganesh" failures="0" tests="3" name="com.tutorialsninja.qa.testcases.Search" time="9.179" errors="0" timestamp="2024-02-29T17:31:35 IST" skipped="0">
  <testcase classname="com.tutorialsninja.qa.testcases.Search" name="SearchWithValidProduct" time="3.167"/>
  <testcase classname="com.tutorialsninja.qa.testcases.Search" name="SearchWithInValidProduct" time="3.205"/>
  <testcase classname="com.tutorialsninja.qa.testcases.Search" name="SearchWithoutIValidProductName" time="2.807"/>
</testsuite> <!-- com.tutorialsninja.qa.testcases.Search -->
