<?xml version="1.0" encoding="UTF-8"?>
<!-- Generated by org.testng.reporters.JUnitReportReporter -->
<testsuite hostname="Ganesh" failures="0" tests="3" name="com.tutorialsninja.qa.testcases.Register" time="12.373" errors="0" timestamp="2024-02-29T17:00:07 IST" skipped="0">
  <testcase classname="com.tutorialsninja.qa.testcases.Register" name="RegisterWithNewUser" time="4.564"/>
  <testcase classname="com.tutorialsninja.qa.testcases.Register" name="RegisterWithExistingEmail" time="4.268"/>
  <testcase classname="com.tutorialsninja.qa.testcases.Register" name="RegistrationWithWarnings" time="3.541"/>
</testsuite> <!-- com.tutorialsninja.qa.testcases.Register -->
