<?xml version="1.0" encoding="UTF-8"?>
<!-- Generated by org.testng.reporters.JUnitReportReporter -->
<testsuite hostname="Ganesh" failures="0" tests="3" name="com.tutorialsninja.qa.testcases.Register" time="13.678" errors="0" timestamp="2024-02-29T17:31:35 IST" skipped="0">
  <testcase classname="com.tutorialsninja.qa.testcases.Register" name="RegisterWithNewUser" time="5.244"/>
  <testcase classname="com.tutorialsninja.qa.testcases.Register" name="RegisterWithExistingEmail" time="4.560"/>
  <testcase classname="com.tutorialsninja.qa.testcases.Register" name="RegistrationWithWarnings" time="3.874"/>
</testsuite> <!-- com.tutorialsninja.qa.testcases.Register -->
