<?xml version="1.0" encoding="UTF-8"?>
<!-- Generated by org.testng.reporters.JUnitReportReporter -->
<testsuite hostname="Ganesh" failures="0" tests="7" name="com.tutorialsninja.qa.testcases.Login" time="24.743" errors="0" timestamp="2024-02-29T16:59:47 IST" skipped="0">
  <testcase classname="com.tutorialsninja.qa.testcases.Login" name="LoginWithValidCredentials" time="3.501"/>
  <testcase classname="com.tutorialsninja.qa.testcases.Login" name="LoginWithValidCredentials" time="3.669"/>
  <testcase classname="com.tutorialsninja.qa.testcases.Login" name="LoginWithValidCredentials" time="3.635"/>
  <testcase classname="com.tutorialsninja.qa.testcases.Login" name="LoginWithInvalidCredentialsNoofTimes" time="3.420"/>
  <testcase classname="com.tutorialsninja.qa.testcases.Login" name="LoginWithValidMailIDandInvalidPassword" time="3.870"/>
  <testcase classname="com.tutorialsninja.qa.testcases.Login" name="LoginWithInValidMailidandvalidPassword" time="3.404"/>
  <testcase classname="com.tutorialsninja.qa.testcases.Login" name="LoginWithInvalidCredentials" time="3.244"/>
</testsuite> <!-- com.tutorialsninja.qa.testcases.Login -->
